0 info it worked if it ends with ok
1 verbose cli [ '/usr/local/Cellar/node/7.4.0/bin/node',
1 verbose cli   '/usr/local/bin/npm',
1 verbose cli   'link' ]
2 info using npm@4.0.5
3 info using node@v7.4.0
4 verbose linkPkg /Users/filippersson/Source/Privat/homebridge-telldus-tdtool
5 silly gentlyRm /usr/local/lib/node_modules/homebridge-telldus-tdtool is being purged
6 verbose gentlyRm don't care about contents; nuking /usr/local/lib/node_modules/homebridge-telldus-tdtool
7 silly vacuum-fs purging /usr/local/lib/node_modules/homebridge-telldus-tdtool
8 silly vacuum-fs quitting because other entries in /usr/local/lib/node_modules
9 verbose link build target /usr/local/lib/node_modules/homebridge-telldus-tdtool
10 silly loadCurrentTree Starting
11 silly install loadCurrentTree
12 silly install readLocalPackageData
13 silly install normalizeTree
14 silly loadCurrentTree Finishing
15 silly loadIdealTree Starting
16 silly install loadIdealTree
17 silly cloneCurrentTree Starting
18 silly install cloneCurrentTreeToIdealTree
19 silly cloneCurrentTree Finishing
20 silly loadShrinkwrap Starting
21 silly install loadShrinkwrap
22 silly loadShrinkwrap Finishing
23 silly loadAllDepsIntoIdealTree Starting
24 silly install loadAllDepsIntoIdealTree
25 silly fetchNamedPackageData telldus
26 silly mapToRegistry name telldus
27 silly mapToRegistry using default registry
28 silly mapToRegistry registry https://registry.npmjs.org/
29 silly mapToRegistry data Result {
29 silly mapToRegistry   raw: 'telldus',
29 silly mapToRegistry   scope: null,
29 silly mapToRegistry   escapedName: 'telldus',
29 silly mapToRegistry   name: 'telldus',
29 silly mapToRegistry   rawSpec: '',
29 silly mapToRegistry   spec: 'latest',
29 silly mapToRegistry   type: 'tag' }
30 silly mapToRegistry uri https://registry.npmjs.org/telldus
31 verbose request uri https://registry.npmjs.org/telldus
32 verbose request no auth needed
33 info attempt registry request try #1 at 20:22:53
34 verbose request id 045ecdaf7336d393
35 verbose etag W/"587d1043-745d"
36 verbose lastModified Mon, 16 Jan 2017 18:26:11 GMT
37 http request GET https://registry.npmjs.org/telldus
38 http 200 https://registry.npmjs.org/telldus
39 verbose headers { server: 'nginx/1.10.1',
39 verbose headers   'content-type': 'application/json',
39 verbose headers   'last-modified': 'Mon, 30 Jan 2017 21:20:01 GMT',
39 verbose headers   etag: 'W/"588fae01-7988"',
39 verbose headers   'content-encoding': 'gzip',
39 verbose headers   'cache-control': 'max-age=300',
39 verbose headers   'content-length': '5262',
39 verbose headers   'accept-ranges': 'bytes',
39 verbose headers   date: 'Mon, 06 Feb 2017 19:22:54 GMT',
39 verbose headers   via: '1.1 varnish',
39 verbose headers   age: '295',
39 verbose headers   connection: 'keep-alive',
39 verbose headers   'x-served-by': 'cache-bma7032-BMA',
39 verbose headers   'x-cache': 'HIT',
39 verbose headers   'x-cache-hits': '1',
39 verbose headers   'x-timer': 'S1486408974.036604,VS0,VE0',
39 verbose headers   vary: 'Accept-Encoding' }
40 silly get cb [ 200,
40 silly get   { server: 'nginx/1.10.1',
40 silly get     'content-type': 'application/json',
40 silly get     'last-modified': 'Mon, 30 Jan 2017 21:20:01 GMT',
40 silly get     etag: 'W/"588fae01-7988"',
40 silly get     'content-encoding': 'gzip',
40 silly get     'cache-control': 'max-age=300',
40 silly get     'content-length': '5262',
40 silly get     'accept-ranges': 'bytes',
40 silly get     date: 'Mon, 06 Feb 2017 19:22:54 GMT',
40 silly get     via: '1.1 varnish',
40 silly get     age: '295',
40 silly get     connection: 'keep-alive',
40 silly get     'x-served-by': 'cache-bma7032-BMA',
40 silly get     'x-cache': 'HIT',
40 silly get     'x-cache-hits': '1',
40 silly get     'x-timer': 'S1486408974.036604,VS0,VE0',
40 silly get     vary: 'Accept-Encoding' } ]
41 verbose get saving telldus to /Users/filippersson/.npm/registry.npmjs.org/telldus/.cache.json
42 verbose correctMkdir /Users/filippersson/.npm correctMkdir not in flight; initializing
43 silly resolveWithNewModule telldus@1.1.2 checking installable status
44 silly cache add args [ 'telldus@^1.1.0', null ]
45 verbose cache add spec telldus@^1.1.0
46 silly cache add parsed spec Result {
46 silly cache add   raw: 'telldus@^1.1.0',
46 silly cache add   scope: null,
46 silly cache add   escapedName: 'telldus',
46 silly cache add   name: 'telldus',
46 silly cache add   rawSpec: '^1.1.0',
46 silly cache add   spec: '>=1.1.0 <2.0.0',
46 silly cache add   type: 'range' }
47 silly addNamed telldus@>=1.1.0 <2.0.0
48 verbose addNamed ">=1.1.0 <2.0.0" is a valid semver range for telldus
49 silly addNameRange { name: 'telldus', range: '>=1.1.0 <2.0.0', hasData: false }
50 silly mapToRegistry name telldus
51 silly mapToRegistry using default registry
52 silly mapToRegistry registry https://registry.npmjs.org/
53 silly mapToRegistry data Result {
53 silly mapToRegistry   raw: 'telldus',
53 silly mapToRegistry   scope: null,
53 silly mapToRegistry   escapedName: 'telldus',
53 silly mapToRegistry   name: 'telldus',
53 silly mapToRegistry   rawSpec: '',
53 silly mapToRegistry   spec: 'latest',
53 silly mapToRegistry   type: 'tag' }
54 silly mapToRegistry uri https://registry.npmjs.org/telldus
55 verbose addNameRange registry:https://registry.npmjs.org/telldus not in flight; fetching
56 verbose get https://registry.npmjs.org/telldus not expired, no request
57 silly addNameRange number 2 { name: 'telldus', range: '>=1.1.0 <2.0.0', hasData: true }
58 silly addNameRange versions [ 'telldus',
58 silly addNameRange   [ '0.0.1',
58 silly addNameRange     '0.0.2',
58 silly addNameRange     '0.0.3',
58 silly addNameRange     '0.0.4',
58 silly addNameRange     '0.0.5',
58 silly addNameRange     '0.0.6',
58 silly addNameRange     '0.0.7',
58 silly addNameRange     '0.0.8',
58 silly addNameRange     '0.0.9',
58 silly addNameRange     '0.0.10',
58 silly addNameRange     '0.0.11',
58 silly addNameRange     '0.0.12',
58 silly addNameRange     '1.0.0',
58 silly addNameRange     '1.0.1',
58 silly addNameRange     '1.1.0',
58 silly addNameRange     '1.1.1',
58 silly addNameRange     '1.1.2' ] ]
59 silly addNamed telldus@1.1.2
60 verbose addNamed "1.1.2" is a plain semver version for telldus
61 silly mapToRegistry name telldus
62 silly mapToRegistry using default registry
63 silly mapToRegistry registry https://registry.npmjs.org/
64 silly mapToRegistry data Result {
64 silly mapToRegistry   raw: 'telldus',
64 silly mapToRegistry   scope: null,
64 silly mapToRegistry   escapedName: 'telldus',
64 silly mapToRegistry   name: 'telldus',
64 silly mapToRegistry   rawSpec: '',
64 silly mapToRegistry   spec: 'latest',
64 silly mapToRegistry   type: 'tag' }
65 silly mapToRegistry uri https://registry.npmjs.org/telldus
66 verbose addRemoteTarball https://registry.npmjs.org/telldus/-/telldus-1.1.2.tgz not in flight; adding
67 verbose addRemoteTarball [ 'https://registry.npmjs.org/telldus/-/telldus-1.1.2.tgz',
67 verbose addRemoteTarball   '5de6e0e9f92b0e391baf6d13e067b4c9dd23f761' ]
68 info retry fetch attempt 1 at 20:22:54
69 info attempt registry request try #1 at 20:22:54
70 http fetch GET https://registry.npmjs.org/telldus/-/telldus-1.1.2.tgz
71 http fetch 200 https://registry.npmjs.org/telldus/-/telldus-1.1.2.tgz
72 silly fetchAndShaCheck shasum 5de6e0e9f92b0e391baf6d13e067b4c9dd23f761
73 verbose addTmpTarball /var/folders/fj/k20pqvks01xdq8pkvvdk6ss00000gn/T/npm-25589-d28487ca/registry.npmjs.org/telldus/-/telldus-1.1.2.tgz not in flight; adding
74 verbose addTmpTarball already have metadata; skipping unpack for telldus@1.1.2
75 verbose correctMkdir /Users/filippersson/.npm correctMkdir not in flight; initializing
76 silly cache afterAdd telldus@1.1.2
77 verbose afterAdd /Users/filippersson/.npm/telldus/1.1.2/package/package.json not in flight; writing
78 verbose correctMkdir /Users/filippersson/.npm correctMkdir not in flight; initializing
79 verbose afterAdd /Users/filippersson/.npm/telldus/1.1.2/package/package.json written
80 silly loadAllDepsIntoIdealTree Finishing
81 silly loadIdealTree Finishing
82 silly currentTree homebridge-telldus-tdtool@1.0.2
82 silly currentTree ├── ansi-regex@2.0.0
82 silly currentTree ├── ansi-styles@2.2.1
82 silly currentTree ├── anymatch@1.3.0
82 silly currentTree ├── arr-diff@2.0.0
82 silly currentTree ├── arr-flatten@1.0.1
82 silly currentTree ├── array-unique@0.2.1
82 silly currentTree ├── arrify@1.0.1
82 silly currentTree ├── async-each@1.0.1
82 silly currentTree ├── babel-cli@6.18.0
82 silly currentTree ├── babel-code-frame@6.16.0
82 silly currentTree ├── babel-core@6.18.2
82 silly currentTree ├── babel-generator@6.18.0
82 silly currentTree ├── babel-helper-call-delegate@6.18.0
82 silly currentTree ├── babel-helper-define-map@6.18.0
82 silly currentTree ├── babel-helper-function-name@6.18.0
82 silly currentTree ├── babel-helper-get-function-arity@6.18.0
82 silly currentTree ├── babel-helper-hoist-variables@6.18.0
82 silly currentTree ├── babel-helper-optimise-call-expression@6.18.0
82 silly currentTree ├── babel-helper-regex@6.18.0
82 silly currentTree ├── babel-helper-replace-supers@6.18.0
82 silly currentTree ├── babel-helpers@6.16.0
82 silly currentTree ├── babel-messages@6.8.0
82 silly currentTree ├── babel-plugin-check-es2015-constants@6.8.0
82 silly currentTree ├── babel-plugin-transform-es2015-arrow-functions@6.8.0
82 silly currentTree ├── babel-plugin-transform-es2015-block-scoped-functions@6.8.0
82 silly currentTree ├── babel-plugin-transform-es2015-block-scoping@6.18.0
82 silly currentTree ├── babel-plugin-transform-es2015-classes@6.18.0
82 silly currentTree ├── babel-plugin-transform-es2015-computed-properties@6.8.0
82 silly currentTree ├── babel-plugin-transform-es2015-destructuring@6.18.0
82 silly currentTree ├── babel-plugin-transform-es2015-duplicate-keys@6.8.0
82 silly currentTree ├── babel-plugin-transform-es2015-for-of@6.18.0
82 silly currentTree ├── babel-plugin-transform-es2015-function-name@6.9.0
82 silly currentTree ├── babel-plugin-transform-es2015-literals@6.8.0
82 silly currentTree ├── babel-plugin-transform-es2015-modules-amd@6.18.0
82 silly currentTree ├── babel-plugin-transform-es2015-modules-commonjs@6.18.0
82 silly currentTree ├── babel-plugin-transform-es2015-modules-systemjs@6.18.0
82 silly currentTree ├── babel-plugin-transform-es2015-modules-umd@6.18.0
82 silly currentTree ├── babel-plugin-transform-es2015-object-super@6.8.0
82 silly currentTree ├── babel-plugin-transform-es2015-parameters@6.18.0
82 silly currentTree ├── babel-plugin-transform-es2015-shorthand-properties@6.18.0
82 silly currentTree ├── babel-plugin-transform-es2015-spread@6.8.0
82 silly currentTree ├── babel-plugin-transform-es2015-sticky-regex@6.8.0
82 silly currentTree ├── babel-plugin-transform-es2015-template-literals@6.8.0
82 silly currentTree ├── babel-plugin-transform-es2015-typeof-symbol@6.18.0
82 silly currentTree ├── babel-plugin-transform-es2015-unicode-regex@6.11.0
82 silly currentTree ├── babel-plugin-transform-regenerator@6.16.1
82 silly currentTree ├── babel-plugin-transform-strict-mode@6.18.0
82 silly currentTree ├── babel-polyfill@6.16.0
82 silly currentTree ├── babel-preset-es2015@6.18.0
82 silly currentTree ├── babel-register@6.18.0
82 silly currentTree ├── babel-runtime@6.18.0
82 silly currentTree ├── babel-template@6.16.0
82 silly currentTree ├── babel-traverse@6.18.0
82 silly currentTree ├── babel-types@6.18.0
82 silly currentTree ├── babylon@6.13.1
82 silly currentTree ├── balanced-match@0.4.2
82 silly currentTree ├── binary-extensions@1.7.0
82 silly currentTree ├── brace-expansion@1.1.6
82 silly currentTree ├── braces@1.8.5
82 silly currentTree ├── buffer-shims@1.0.0
82 silly currentTree ├── chalk@1.1.3
82 silly currentTree ├── chokidar@1.6.1
82 silly currentTree ├── commander@2.9.0
82 silly currentTree ├── concat-map@0.0.1
82 silly currentTree ├── convert-source-map@1.3.0
82 silly currentTree ├── core-js@2.4.1
82 silly currentTree ├── core-util-is@1.0.2
82 silly currentTree ├── debug@2.3.0
82 silly currentTree ├── detect-indent@4.0.0
82 silly currentTree ├── escape-string-regexp@1.0.5
82 silly currentTree ├── esutils@2.0.2
82 silly currentTree ├── exit@0.1.2
82 silly currentTree ├── expand-brackets@0.1.5
82 silly currentTree ├── expand-range@1.8.2
82 silly currentTree ├── extglob@0.3.2
82 silly currentTree ├── filename-regex@2.0.0
82 silly currentTree ├── fill-keys@1.0.2
82 silly currentTree ├── fill-range@2.2.3
82 silly currentTree ├── for-in@0.1.6
82 silly currentTree ├── for-own@0.1.4
82 silly currentTree ├── fs-readdir-recursive@1.0.0
82 silly currentTree ├── fs.realpath@1.0.0
82 silly currentTree ├─┬ fsevents@1.0.15
82 silly currentTree │ ├── abbrev@1.0.9
82 silly currentTree │ ├── ansi-regex@2.0.0
82 silly currentTree │ ├── ansi-styles@2.2.1
82 silly currentTree │ ├── aproba@1.0.4
82 silly currentTree │ ├── are-we-there-yet@1.1.2
82 silly currentTree │ ├── asn1@0.2.3
82 silly currentTree │ ├── assert-plus@0.2.0
82 silly currentTree │ ├── async@1.5.2
82 silly currentTree │ ├── aws-sign2@0.6.0
82 silly currentTree │ ├── aws4@1.4.1
82 silly currentTree │ ├── balanced-match@0.4.2
82 silly currentTree │ ├─┬ bl@1.1.2
82 silly currentTree │ │ └── readable-stream@2.0.6
82 silly currentTree │ ├── block-stream@0.0.9
82 silly currentTree │ ├── boom@2.10.1
82 silly currentTree │ ├── brace-expansion@1.1.5
82 silly currentTree │ ├── buffer-shims@1.0.0
82 silly currentTree │ ├── caseless@0.11.0
82 silly currentTree │ ├── chalk@1.1.3
82 silly currentTree │ ├── code-point-at@1.0.0
82 silly currentTree │ ├── combined-stream@1.0.5
82 silly currentTree │ ├── commander@2.9.0
82 silly currentTree │ ├── concat-map@0.0.1
82 silly currentTree │ ├── console-control-strings@1.1.0
82 silly currentTree │ ├── core-util-is@1.0.2
82 silly currentTree │ ├── cryptiles@2.0.5
82 silly currentTree │ ├─┬ dashdash@1.14.0
82 silly currentTree │ │ └── assert-plus@1.0.0
82 silly currentTree │ ├── debug@2.2.0
82 silly currentTree │ ├── deep-extend@0.4.1
82 silly currentTree │ ├── delayed-stream@1.0.0
82 silly currentTree │ ├── delegates@1.0.0
82 silly currentTree │ ├── ecc-jsbn@0.1.1
82 silly currentTree │ ├── escape-string-regexp@1.0.5
82 silly currentTree │ ├── extend@3.0.0
82 silly currentTree │ ├── extsprintf@1.0.2
82 silly currentTree │ ├── forever-agent@0.6.1
82 silly currentTree │ ├── form-data@1.0.0-rc4
82 silly currentTree │ ├── fs.realpath@1.0.0
82 silly currentTree │ ├── fstream-ignore@1.0.5
82 silly currentTree │ ├── fstream@1.0.10
82 silly currentTree │ ├── gauge@2.6.0
82 silly currentTree │ ├── generate-function@2.0.0
82 silly currentTree │ ├── generate-object-property@1.2.0
82 silly currentTree │ ├─┬ getpass@0.1.6
82 silly currentTree │ │ └── assert-plus@1.0.0
82 silly currentTree │ ├── glob@7.0.5
82 silly currentTree │ ├── graceful-fs@4.1.4
82 silly currentTree │ ├── graceful-readlink@1.0.1
82 silly currentTree │ ├── har-validator@2.0.6
82 silly currentTree │ ├── has-ansi@2.0.0
82 silly currentTree │ ├── has-color@0.1.7
82 silly currentTree │ ├── has-unicode@2.0.1
82 silly currentTree │ ├── hawk@3.1.3
82 silly currentTree │ ├── hoek@2.16.3
82 silly currentTree │ ├── http-signature@1.1.1
82 silly currentTree │ ├── inflight@1.0.5
82 silly currentTree │ ├── inherits@2.0.1
82 silly currentTree │ ├── ini@1.3.4
82 silly currentTree │ ├── is-fullwidth-code-point@1.0.0
82 silly currentTree │ ├── is-my-json-valid@2.13.1
82 silly currentTree │ ├── is-property@1.0.2
82 silly currentTree │ ├── is-typedarray@1.0.0
82 silly currentTree │ ├── isarray@1.0.0
82 silly currentTree │ ├── isstream@0.1.2
82 silly currentTree │ ├── jodid25519@1.0.2
82 silly currentTree │ ├── jsbn@0.1.0
82 silly currentTree │ ├── json-schema@0.2.2
82 silly currentTree │ ├── json-stringify-safe@5.0.1
82 silly currentTree │ ├── jsonpointer@2.0.0
82 silly currentTree │ ├── jsprim@1.3.0
82 silly currentTree │ ├── mime-db@1.23.0
82 silly currentTree │ ├── mime-types@2.1.11
82 silly currentTree │ ├── minimatch@3.0.2
82 silly currentTree │ ├── minimist@0.0.8
82 silly currentTree │ ├── mkdirp@0.5.1
82 silly currentTree │ ├── ms@0.7.1
82 silly currentTree │ ├── node-pre-gyp@0.6.29
82 silly currentTree │ ├── node-uuid@1.4.7
82 silly currentTree │ ├── nopt@3.0.6
82 silly currentTree │ ├── npmlog@3.1.2
82 silly currentTree │ ├── number-is-nan@1.0.0
82 silly currentTree │ ├── oauth-sign@0.8.2
82 silly currentTree │ ├── object-assign@4.1.0
82 silly currentTree │ ├── once@1.3.3
82 silly currentTree │ ├── path-is-absolute@1.0.0
82 silly currentTree │ ├── pinkie-promise@2.0.1
82 silly currentTree │ ├── pinkie@2.0.4
82 silly currentTree │ ├── process-nextick-args@1.0.7
82 silly currentTree │ ├── qs@6.2.0
82 silly currentTree │ ├─┬ rc@1.1.6
82 silly currentTree │ │ └── minimist@1.2.0
82 silly currentTree │ ├── readable-stream@2.1.4
82 silly currentTree │ ├── request@2.73.0
82 silly currentTree │ ├── rimraf@2.5.3
82 silly currentTree │ ├── semver@5.2.0
82 silly currentTree │ ├── set-blocking@2.0.0
82 silly currentTree │ ├── signal-exit@3.0.0
82 silly currentTree │ ├── sntp@1.0.9
82 silly currentTree │ ├─┬ sshpk@1.8.3
82 silly currentTree │ │ └── assert-plus@1.0.0
82 silly currentTree │ ├── string_decoder@0.10.31
82 silly currentTree │ ├── string-width@1.0.1
82 silly currentTree │ ├── stringstream@0.0.5
82 silly currentTree │ ├── strip-ansi@3.0.1
82 silly currentTree │ ├── strip-json-comments@1.0.4
82 silly currentTree │ ├── supports-color@2.0.0
82 silly currentTree │ ├── tar-pack@3.1.4
82 silly currentTree │ ├── tar@2.2.1
82 silly currentTree │ ├── tough-cookie@2.2.2
82 silly currentTree │ ├── tunnel-agent@0.4.3
82 silly currentTree │ ├── tweetnacl@0.13.3
82 silly currentTree │ ├── uid-number@0.0.6
82 silly currentTree │ ├── util-deprecate@1.0.2
82 silly currentTree │ ├── verror@1.3.6
82 silly currentTree │ ├── wide-align@1.1.0
82 silly currentTree │ ├── wrappy@1.0.2
82 silly currentTree │ └── xtend@4.0.1
82 silly currentTree ├── glob-base@0.3.0
82 silly currentTree ├── glob-parent@2.0.0
82 silly currentTree ├── glob@5.0.15
82 silly currentTree ├── globals@9.12.0
82 silly currentTree ├── graceful-fs@4.1.10
82 silly currentTree ├── graceful-readlink@1.0.1
82 silly currentTree ├── has-ansi@2.0.0
82 silly currentTree ├── home-or-tmp@2.0.0
82 silly currentTree ├── inflight@1.0.6
82 silly currentTree ├── inherits@2.0.3
82 silly currentTree ├── invariant@2.2.1
82 silly currentTree ├── is-binary-path@1.0.1
82 silly currentTree ├── is-buffer@1.1.4
82 silly currentTree ├── is-dotfile@1.0.2
82 silly currentTree ├── is-equal-shallow@0.1.3
82 silly currentTree ├── is-extendable@0.1.1
82 silly currentTree ├── is-extglob@1.0.0
82 silly currentTree ├── is-finite@1.0.2
82 silly currentTree ├── is-glob@2.0.1
82 silly currentTree ├── is-number@2.1.0
82 silly currentTree ├── is-object@1.0.1
82 silly currentTree ├── is-posix-bracket@0.1.1
82 silly currentTree ├── is-primitive@2.0.0
82 silly currentTree ├── isarray@1.0.0
82 silly currentTree ├── isobject@2.1.0
82 silly currentTree ├── jasmine-core@2.5.2
82 silly currentTree ├─┬ jasmine@2.5.2
82 silly currentTree │ └── glob@7.1.1
82 silly currentTree ├── js-tokens@2.0.0
82 silly currentTree ├── jsesc@1.3.0
82 silly currentTree ├── json5@0.5.0
82 silly currentTree ├── kind-of@3.0.4
82 silly currentTree ├── limiter@1.1.0
82 silly currentTree ├── lodash@4.16.6
82 silly currentTree ├── loose-envify@1.3.0
82 silly currentTree ├── merge-descriptors@1.0.1
82 silly currentTree ├── micromatch@2.3.11
82 silly currentTree ├── minimatch@3.0.3
82 silly currentTree ├── minimist@0.0.8
82 silly currentTree ├── mkdirp@0.5.1
82 silly currentTree ├── module-not-found-error@1.0.1
82 silly currentTree ├── ms@0.7.2
82 silly currentTree ├── nan@2.4.0
82 silly currentTree ├── node-persist@0.0.11
82 silly currentTree ├── normalize-path@2.0.1
82 silly currentTree ├── number-is-nan@1.0.1
82 silly currentTree ├── object-assign@4.1.0
82 silly currentTree ├── object.omit@2.0.1
82 silly currentTree ├── once@1.4.0
82 silly currentTree ├── os-homedir@1.0.2
82 silly currentTree ├── os-tmpdir@1.0.2
82 silly currentTree ├── output-file-sync@1.1.2
82 silly currentTree ├── parse-glob@3.0.4
82 silly currentTree ├── path-is-absolute@1.0.1
82 silly currentTree ├── preserve@0.2.0
82 silly currentTree ├── private@0.1.6
82 silly currentTree ├── process-nextick-args@1.0.7
82 silly currentTree ├── proxyquire@1.7.10
82 silly currentTree ├── q@1.1.2
82 silly currentTree ├── randomatic@1.1.5
82 silly currentTree ├── readable-stream@2.1.5
82 silly currentTree ├── readdirp@2.1.0
82 silly currentTree ├── regenerate@1.3.1
82 silly currentTree ├── regenerator-runtime@0.9.6
82 silly currentTree ├── regex-cache@0.4.3
82 silly currentTree ├── regexpu-core@2.0.0
82 silly currentTree ├── regjsgen@0.2.0
82 silly currentTree ├─┬ regjsparser@0.1.5
82 silly currentTree │ └── jsesc@0.5.0
82 silly currentTree ├── repeat-element@1.1.2
82 silly currentTree ├── repeat-string@1.6.1
82 silly currentTree ├── repeating@2.0.1
82 silly currentTree ├── resolve@1.1.7
82 silly currentTree ├── set-immediate-shim@1.0.1
82 silly currentTree ├── slash@1.0.0
82 silly currentTree ├── source-map-support@0.4.6
82 silly currentTree ├── source-map@0.5.6
82 silly currentTree ├─┬ sqlite3@3.1.8
82 silly currentTree │ └─┬ node-pre-gyp@0.6.31
82 silly currentTree │   ├─┬ mkdirp@0.5.1
82 silly currentTree │   │ └── minimist@0.0.8
82 silly currentTree │   ├─┬ nopt@3.0.6
82 silly currentTree │   │ └── abbrev@1.0.9
82 silly currentTree │   ├─┬ npmlog@4.0.0
82 silly currentTree │   │ ├─┬ are-we-there-yet@1.1.2
82 silly currentTree │   │ │ ├── delegates@1.0.0
82 silly currentTree │   │ │ └─┬ readable-stream@2.1.5
82 silly currentTree │   │ │   ├── buffer-shims@1.0.0
82 silly currentTree │   │ │   ├── core-util-is@1.0.2
82 silly currentTree │   │ │   ├── inherits@2.0.3
82 silly currentTree │   │ │   ├── isarray@1.0.0
82 silly currentTree │   │ │   ├── process-nextick-args@1.0.7
82 silly currentTree │   │ │   ├── string_decoder@0.10.31
82 silly currentTree │   │ │   └── util-deprecate@1.0.2
82 silly currentTree │   │ ├── console-control-strings@1.1.0
82 silly currentTree │   │ ├─┬ gauge@2.6.0
82 silly currentTree │   │ │ ├── aproba@1.0.4
82 silly currentTree │   │ │ ├── has-color@0.1.7
82 silly currentTree │   │ │ ├── has-unicode@2.0.1
82 silly currentTree │   │ │ ├── object-assign@4.1.0
82 silly currentTree │   │ │ ├── signal-exit@3.0.1
82 silly currentTree │   │ │ ├─┬ string-width@1.0.2
82 silly currentTree │   │ │ │ ├─┬ code-point-at@1.0.1
82 silly currentTree │   │ │ │ │ └── number-is-nan@1.0.1
82 silly currentTree │   │ │ │ └─┬ is-fullwidth-code-point@1.0.0
82 silly currentTree │   │ │ │   └── number-is-nan@1.0.1
82 silly currentTree │   │ │ ├─┬ strip-ansi@3.0.1
82 silly currentTree │   │ │ │ └── ansi-regex@2.0.0
82 silly currentTree │   │ │ └── wide-align@1.1.0
82 silly currentTree │   │ └── set-blocking@2.0.0
82 silly currentTree │   ├─┬ rc@1.1.6
82 silly currentTree │   │ ├── deep-extend@0.4.1
82 silly currentTree │   │ ├── ini@1.3.4
82 silly currentTree │   │ ├── minimist@1.2.0
82 silly currentTree │   │ └── strip-json-comments@1.0.4
82 silly currentTree │   ├─┬ request@2.76.0
82 silly currentTree │   │ ├── aws-sign2@0.6.0
82 silly currentTree │   │ ├── aws4@1.5.0
82 silly currentTree │   │ ├── caseless@0.11.0
82 silly currentTree │   │ ├─┬ combined-stream@1.0.5
82 silly currentTree │   │ │ └── delayed-stream@1.0.0
82 silly currentTree │   │ ├── extend@3.0.0
82 silly currentTree │   │ ├── forever-agent@0.6.1
82 silly currentTree │   │ ├─┬ form-data@2.1.1
82 silly currentTree │   │ │ └── asynckit@0.4.0
82 silly currentTree │   │ ├─┬ har-validator@2.0.6
82 silly currentTree │   │ │ ├─┬ chalk@1.1.3
82 silly currentTree │   │ │ │ ├── ansi-styles@2.2.1
82 silly currentTree │   │ │ │ ├── escape-string-regexp@1.0.5
82 silly currentTree │   │ │ │ ├─┬ has-ansi@2.0.0
82 silly currentTree │   │ │ │ │ └── ansi-regex@2.0.0
82 silly currentTree │   │ │ │ ├─┬ strip-ansi@3.0.1
82 silly currentTree │   │ │ │ │ └── ansi-regex@2.0.0
82 silly currentTree │   │ │ │ └── supports-color@2.0.0
82 silly currentTree │   │ │ ├─┬ commander@2.9.0
82 silly currentTree │   │ │ │ └── graceful-readlink@1.0.1
82 silly currentTree │   │ │ ├─┬ is-my-json-valid@2.15.0
82 silly currentTree │   │ │ │ ├── generate-function@2.0.0
82 silly currentTree │   │ │ │ ├─┬ generate-object-property@1.2.0
82 silly currentTree │   │ │ │ │ └── is-property@1.0.2
82 silly currentTree │   │ │ │ ├── jsonpointer@4.0.0
82 silly currentTree │   │ │ │ └── xtend@4.0.1
82 silly currentTree │   │ │ └─┬ pinkie-promise@2.0.1
82 silly currentTree │   │ │   └── pinkie@2.0.4
82 silly currentTree │   │ ├─┬ hawk@3.1.3
82 silly currentTree │   │ │ ├── boom@2.10.1
82 silly currentTree │   │ │ ├── cryptiles@2.0.5
82 silly currentTree │   │ │ ├── hoek@2.16.3
82 silly currentTree │   │ │ └── sntp@1.0.9
82 silly currentTree │   │ ├─┬ http-signature@1.1.1
82 silly currentTree │   │ │ ├── assert-plus@0.2.0
82 silly currentTree │   │ │ ├─┬ jsprim@1.3.1
82 silly currentTree │   │ │ │ ├── extsprintf@1.0.2
82 silly currentTree │   │ │ │ ├── json-schema@0.2.3
82 silly currentTree │   │ │ │ └── verror@1.3.6
82 silly currentTree │   │ │ └─┬ sshpk@1.10.1
82 silly currentTree │   │ │   ├── asn1@0.2.3
82 silly currentTree │   │ │   ├── assert-plus@1.0.0
82 silly currentTree │   │ │   ├── bcrypt-pbkdf@1.0.0
82 silly currentTree │   │ │   ├── dashdash@1.14.0
82 silly currentTree │   │ │   ├── ecc-jsbn@0.1.1
82 silly currentTree │   │ │   ├── getpass@0.1.6
82 silly currentTree │   │ │   ├── jodid25519@1.0.2
82 silly currentTree │   │ │   ├── jsbn@0.1.0
82 silly currentTree │   │ │   └── tweetnacl@0.14.3
82 silly currentTree │   │ ├── is-typedarray@1.0.0
82 silly currentTree │   │ ├── isstream@0.1.2
82 silly currentTree │   │ ├── json-stringify-safe@5.0.1
82 silly currentTree │   │ ├─┬ mime-types@2.1.12
82 silly currentTree │   │ │ └── mime-db@1.24.0
82 silly currentTree │   │ ├── node-uuid@1.4.7
82 silly currentTree │   │ ├── oauth-sign@0.8.2
82 silly currentTree │   │ ├── qs@6.3.0
82 silly currentTree │   │ ├── stringstream@0.0.5
82 silly currentTree │   │ ├─┬ tough-cookie@2.3.2
82 silly currentTree │   │ │ └── punycode@1.4.1
82 silly currentTree │   │ └── tunnel-agent@0.4.3
82 silly currentTree │   ├─┬ rimraf@2.5.4
82 silly currentTree │   │ └─┬ glob@7.1.1
82 silly currentTree │   │   ├── fs.realpath@1.0.0
82 silly currentTree │   │   ├─┬ inflight@1.0.6
82 silly currentTree │   │   │ └── wrappy@1.0.2
82 silly currentTree │   │   ├── inherits@2.0.3
82 silly currentTree │   │   ├─┬ minimatch@3.0.3
82 silly currentTree │   │   │ └─┬ brace-expansion@1.1.6
82 silly currentTree │   │   │   ├── balanced-match@0.4.2
82 silly currentTree │   │   │   └── concat-map@0.0.1
82 silly currentTree │   │   ├─┬ once@1.4.0
82 silly currentTree │   │   │ └── wrappy@1.0.2
82 silly currentTree │   │   └── path-is-absolute@1.0.1
82 silly currentTree │   ├── semver@5.3.0
82 silly currentTree │   ├─┬ tar-pack@3.3.0
82 silly currentTree │   │ ├─┬ debug@2.2.0
82 silly currentTree │   │ │ └── ms@0.7.1
82 silly currentTree │   │ ├─┬ fstream-ignore@1.0.5
82 silly currentTree │   │ │ ├── inherits@2.0.3
82 silly currentTree │   │ │ └─┬ minimatch@3.0.3
82 silly currentTree │   │ │   └─┬ brace-expansion@1.1.6
82 silly currentTree │   │ │     ├── balanced-match@0.4.2
82 silly currentTree │   │ │     └── concat-map@0.0.1
82 silly currentTree │   │ ├─┬ fstream@1.0.10
82 silly currentTree │   │ │ ├── graceful-fs@4.1.9
82 silly currentTree │   │ │ └── inherits@2.0.3
82 silly currentTree │   │ ├─┬ once@1.3.3
82 silly currentTree │   │ │ └── wrappy@1.0.2
82 silly currentTree │   │ ├─┬ readable-stream@2.1.5
82 silly currentTree │   │ │ ├── buffer-shims@1.0.0
82 silly currentTree │   │ │ ├── core-util-is@1.0.2
82 silly currentTree │   │ │ ├── inherits@2.0.3
82 silly currentTree │   │ │ ├── isarray@1.0.0
82 silly currentTree │   │ │ ├── process-nextick-args@1.0.7
82 silly currentTree │   │ │ ├── string_decoder@0.10.31
82 silly currentTree │   │ │ └── util-deprecate@1.0.2
82 silly currentTree │   │ └── uid-number@0.0.6
82 silly currentTree │   └─┬ tar@2.2.1
82 silly currentTree │     ├── block-stream@0.0.9
82 silly currentTree │     ├─┬ fstream@1.0.10
82 silly currentTree │     │ └── graceful-fs@4.1.9
82 silly currentTree │     └── inherits@2.0.3
82 silly currentTree ├── string_decoder@0.10.31
82 silly currentTree ├── strip-ansi@3.0.1
82 silly currentTree ├── supports-color@2.0.0
82 silly currentTree ├── to-fast-properties@1.0.2
82 silly currentTree ├── user-home@1.1.1
82 silly currentTree ├── util-deprecate@1.0.2
82 silly currentTree ├── v8flags@2.0.11
82 silly currentTree └── wrappy@1.0.2
83 silly idealTree homebridge-telldus-tdtool@1.0.2
83 silly idealTree ├── ansi-regex@2.0.0
83 silly idealTree ├── ansi-styles@2.2.1
83 silly idealTree ├── anymatch@1.3.0
83 silly idealTree ├── arr-diff@2.0.0
83 silly idealTree ├── arr-flatten@1.0.1
83 silly idealTree ├── array-unique@0.2.1
83 silly idealTree ├── arrify@1.0.1
83 silly idealTree ├── async-each@1.0.1
83 silly idealTree ├── babel-cli@6.18.0
83 silly idealTree ├── babel-code-frame@6.16.0
83 silly idealTree ├── babel-core@6.18.2
83 silly idealTree ├── babel-generator@6.18.0
83 silly idealTree ├── babel-helper-call-delegate@6.18.0
83 silly idealTree ├── babel-helper-define-map@6.18.0
83 silly idealTree ├── babel-helper-function-name@6.18.0
83 silly idealTree ├── babel-helper-get-function-arity@6.18.0
83 silly idealTree ├── babel-helper-hoist-variables@6.18.0
83 silly idealTree ├── babel-helper-optimise-call-expression@6.18.0
83 silly idealTree ├── babel-helper-regex@6.18.0
83 silly idealTree ├── babel-helper-replace-supers@6.18.0
83 silly idealTree ├── babel-helpers@6.16.0
83 silly idealTree ├── babel-messages@6.8.0
83 silly idealTree ├── babel-plugin-check-es2015-constants@6.8.0
83 silly idealTree ├── babel-plugin-transform-es2015-arrow-functions@6.8.0
83 silly idealTree ├── babel-plugin-transform-es2015-block-scoped-functions@6.8.0
83 silly idealTree ├── babel-plugin-transform-es2015-block-scoping@6.18.0
83 silly idealTree ├── babel-plugin-transform-es2015-classes@6.18.0
83 silly idealTree ├── babel-plugin-transform-es2015-computed-properties@6.8.0
83 silly idealTree ├── babel-plugin-transform-es2015-destructuring@6.18.0
83 silly idealTree ├── babel-plugin-transform-es2015-duplicate-keys@6.8.0
83 silly idealTree ├── babel-plugin-transform-es2015-for-of@6.18.0
83 silly idealTree ├── babel-plugin-transform-es2015-function-name@6.9.0
83 silly idealTree ├── babel-plugin-transform-es2015-literals@6.8.0
83 silly idealTree ├── babel-plugin-transform-es2015-modules-amd@6.18.0
83 silly idealTree ├── babel-plugin-transform-es2015-modules-commonjs@6.18.0
83 silly idealTree ├── babel-plugin-transform-es2015-modules-systemjs@6.18.0
83 silly idealTree ├── babel-plugin-transform-es2015-modules-umd@6.18.0
83 silly idealTree ├── babel-plugin-transform-es2015-object-super@6.8.0
83 silly idealTree ├── babel-plugin-transform-es2015-parameters@6.18.0
83 silly idealTree ├── babel-plugin-transform-es2015-shorthand-properties@6.18.0
83 silly idealTree ├── babel-plugin-transform-es2015-spread@6.8.0
83 silly idealTree ├── babel-plugin-transform-es2015-sticky-regex@6.8.0
83 silly idealTree ├── babel-plugin-transform-es2015-template-literals@6.8.0
83 silly idealTree ├── babel-plugin-transform-es2015-typeof-symbol@6.18.0
83 silly idealTree ├── babel-plugin-transform-es2015-unicode-regex@6.11.0
83 silly idealTree ├── babel-plugin-transform-regenerator@6.16.1
83 silly idealTree ├── babel-plugin-transform-strict-mode@6.18.0
83 silly idealTree ├── babel-polyfill@6.16.0
83 silly idealTree ├── babel-preset-es2015@6.18.0
83 silly idealTree ├── babel-register@6.18.0
83 silly idealTree ├── babel-runtime@6.18.0
83 silly idealTree ├── babel-template@6.16.0
83 silly idealTree ├── babel-traverse@6.18.0
83 silly idealTree ├── babel-types@6.18.0
83 silly idealTree ├── babylon@6.13.1
83 silly idealTree ├── balanced-match@0.4.2
83 silly idealTree ├── binary-extensions@1.7.0
83 silly idealTree ├── brace-expansion@1.1.6
83 silly idealTree ├── braces@1.8.5
83 silly idealTree ├── buffer-shims@1.0.0
83 silly idealTree ├── chalk@1.1.3
83 silly idealTree ├── chokidar@1.6.1
83 silly idealTree ├── commander@2.9.0
83 silly idealTree ├── concat-map@0.0.1
83 silly idealTree ├── convert-source-map@1.3.0
83 silly idealTree ├── core-js@2.4.1
83 silly idealTree ├── core-util-is@1.0.2
83 silly idealTree ├── debug@2.3.0
83 silly idealTree ├── detect-indent@4.0.0
83 silly idealTree ├── escape-string-regexp@1.0.5
83 silly idealTree ├── esutils@2.0.2
83 silly idealTree ├── exit@0.1.2
83 silly idealTree ├── expand-brackets@0.1.5
83 silly idealTree ├── expand-range@1.8.2
83 silly idealTree ├── extglob@0.3.2
83 silly idealTree ├── filename-regex@2.0.0
83 silly idealTree ├── fill-keys@1.0.2
83 silly idealTree ├── fill-range@2.2.3
83 silly idealTree ├── for-in@0.1.6
83 silly idealTree ├── for-own@0.1.4
83 silly idealTree ├── fs-readdir-recursive@1.0.0
83 silly idealTree ├── fs.realpath@1.0.0
83 silly idealTree ├─┬ fsevents@1.0.15
83 silly idealTree │ ├── abbrev@1.0.9
83 silly idealTree │ ├── ansi-regex@2.0.0
83 silly idealTree │ ├── ansi-styles@2.2.1
83 silly idealTree │ ├── aproba@1.0.4
83 silly idealTree │ ├── are-we-there-yet@1.1.2
83 silly idealTree │ ├── asn1@0.2.3
83 silly idealTree │ ├── assert-plus@0.2.0
83 silly idealTree │ ├── async@1.5.2
83 silly idealTree │ ├── aws-sign2@0.6.0
83 silly idealTree │ ├── aws4@1.4.1
83 silly idealTree │ ├── balanced-match@0.4.2
83 silly idealTree │ ├─┬ bl@1.1.2
83 silly idealTree │ │ └── readable-stream@2.0.6
83 silly idealTree │ ├── block-stream@0.0.9
83 silly idealTree │ ├── boom@2.10.1
83 silly idealTree │ ├── brace-expansion@1.1.5
83 silly idealTree │ ├── buffer-shims@1.0.0
83 silly idealTree │ ├── caseless@0.11.0
83 silly idealTree │ ├── chalk@1.1.3
83 silly idealTree │ ├── code-point-at@1.0.0
83 silly idealTree │ ├── combined-stream@1.0.5
83 silly idealTree │ ├── commander@2.9.0
83 silly idealTree │ ├── concat-map@0.0.1
83 silly idealTree │ ├── console-control-strings@1.1.0
83 silly idealTree │ ├── core-util-is@1.0.2
83 silly idealTree │ ├── cryptiles@2.0.5
83 silly idealTree │ ├─┬ dashdash@1.14.0
83 silly idealTree │ │ └── assert-plus@1.0.0
83 silly idealTree │ ├── debug@2.2.0
83 silly idealTree │ ├── deep-extend@0.4.1
83 silly idealTree │ ├── delayed-stream@1.0.0
83 silly idealTree │ ├── delegates@1.0.0
83 silly idealTree │ ├── ecc-jsbn@0.1.1
83 silly idealTree │ ├── escape-string-regexp@1.0.5
83 silly idealTree │ ├── extend@3.0.0
83 silly idealTree │ ├── extsprintf@1.0.2
83 silly idealTree │ ├── forever-agent@0.6.1
83 silly idealTree │ ├── form-data@1.0.0-rc4
83 silly idealTree │ ├── fs.realpath@1.0.0
83 silly idealTree │ ├── fstream-ignore@1.0.5
83 silly idealTree │ ├── fstream@1.0.10
83 silly idealTree │ ├── gauge@2.6.0
83 silly idealTree │ ├── generate-function@2.0.0
83 silly idealTree │ ├── generate-object-property@1.2.0
83 silly idealTree │ ├─┬ getpass@0.1.6
83 silly idealTree │ │ └── assert-plus@1.0.0
83 silly idealTree │ ├── glob@7.0.5
83 silly idealTree │ ├── graceful-fs@4.1.4
83 silly idealTree │ ├── graceful-readlink@1.0.1
83 silly idealTree │ ├── har-validator@2.0.6
83 silly idealTree │ ├── has-ansi@2.0.0
83 silly idealTree │ ├── has-color@0.1.7
83 silly idealTree │ ├── has-unicode@2.0.1
83 silly idealTree │ ├── hawk@3.1.3
83 silly idealTree │ ├── hoek@2.16.3
83 silly idealTree │ ├── http-signature@1.1.1
83 silly idealTree │ ├── inflight@1.0.5
83 silly idealTree │ ├── inherits@2.0.1
83 silly idealTree │ ├── ini@1.3.4
83 silly idealTree │ ├── is-fullwidth-code-point@1.0.0
83 silly idealTree │ ├── is-my-json-valid@2.13.1
83 silly idealTree │ ├── is-property@1.0.2
83 silly idealTree │ ├── is-typedarray@1.0.0
83 silly idealTree │ ├── isarray@1.0.0
83 silly idealTree │ ├── isstream@0.1.2
83 silly idealTree │ ├── jodid25519@1.0.2
83 silly idealTree │ ├── jsbn@0.1.0
83 silly idealTree │ ├── json-schema@0.2.2
83 silly idealTree │ ├── json-stringify-safe@5.0.1
83 silly idealTree │ ├── jsonpointer@2.0.0
83 silly idealTree │ ├── jsprim@1.3.0
83 silly idealTree │ ├── mime-db@1.23.0
83 silly idealTree │ ├── mime-types@2.1.11
83 silly idealTree │ ├── minimatch@3.0.2
83 silly idealTree │ ├── minimist@0.0.8
83 silly idealTree │ ├── mkdirp@0.5.1
83 silly idealTree │ ├── ms@0.7.1
83 silly idealTree │ ├── node-pre-gyp@0.6.29
83 silly idealTree │ ├── node-uuid@1.4.7
83 silly idealTree │ ├── nopt@3.0.6
83 silly idealTree │ ├── npmlog@3.1.2
83 silly idealTree │ ├── number-is-nan@1.0.0
83 silly idealTree │ ├── oauth-sign@0.8.2
83 silly idealTree │ ├── object-assign@4.1.0
83 silly idealTree │ ├── once@1.3.3
83 silly idealTree │ ├── path-is-absolute@1.0.0
83 silly idealTree │ ├── pinkie-promise@2.0.1
83 silly idealTree │ ├── pinkie@2.0.4
83 silly idealTree │ ├── process-nextick-args@1.0.7
83 silly idealTree │ ├── qs@6.2.0
83 silly idealTree │ ├─┬ rc@1.1.6
83 silly idealTree │ │ └── minimist@1.2.0
83 silly idealTree │ ├── readable-stream@2.1.4
83 silly idealTree │ ├── request@2.73.0
83 silly idealTree │ ├── rimraf@2.5.3
83 silly idealTree │ ├── semver@5.2.0
83 silly idealTree │ ├── set-blocking@2.0.0
83 silly idealTree │ ├── signal-exit@3.0.0
83 silly idealTree │ ├── sntp@1.0.9
83 silly idealTree │ ├─┬ sshpk@1.8.3
83 silly idealTree │ │ └── assert-plus@1.0.0
83 silly idealTree │ ├── string_decoder@0.10.31
83 silly idealTree │ ├── string-width@1.0.1
83 silly idealTree │ ├── stringstream@0.0.5
83 silly idealTree │ ├── strip-ansi@3.0.1
83 silly idealTree │ ├── strip-json-comments@1.0.4
83 silly idealTree │ ├── supports-color@2.0.0
83 silly idealTree │ ├── tar-pack@3.1.4
83 silly idealTree │ ├── tar@2.2.1
83 silly idealTree │ ├── tough-cookie@2.2.2
83 silly idealTree │ ├── tunnel-agent@0.4.3
83 silly idealTree │ ├── tweetnacl@0.13.3
83 silly idealTree │ ├── uid-number@0.0.6
83 silly idealTree │ ├── util-deprecate@1.0.2
83 silly idealTree │ ├── verror@1.3.6
83 silly idealTree │ ├── wide-align@1.1.0
83 silly idealTree │ ├── wrappy@1.0.2
83 silly idealTree │ └── xtend@4.0.1
83 silly idealTree ├── glob-base@0.3.0
83 silly idealTree ├── glob-parent@2.0.0
83 silly idealTree ├── glob@5.0.15
83 silly idealTree ├── globals@9.12.0
83 silly idealTree ├── graceful-fs@4.1.10
83 silly idealTree ├── graceful-readlink@1.0.1
83 silly idealTree ├── has-ansi@2.0.0
83 silly idealTree ├── home-or-tmp@2.0.0
83 silly idealTree ├── inflight@1.0.6
83 silly idealTree ├── inherits@2.0.3
83 silly idealTree ├── invariant@2.2.1
83 silly idealTree ├── is-binary-path@1.0.1
83 silly idealTree ├── is-buffer@1.1.4
83 silly idealTree ├── is-dotfile@1.0.2
83 silly idealTree ├── is-equal-shallow@0.1.3
83 silly idealTree ├── is-extendable@0.1.1
83 silly idealTree ├── is-extglob@1.0.0
83 silly idealTree ├── is-finite@1.0.2
83 silly idealTree ├── is-glob@2.0.1
83 silly idealTree ├── is-number@2.1.0
83 silly idealTree ├── is-object@1.0.1
83 silly idealTree ├── is-posix-bracket@0.1.1
83 silly idealTree ├── is-primitive@2.0.0
83 silly idealTree ├── isarray@1.0.0
83 silly idealTree ├── isobject@2.1.0
83 silly idealTree ├── jasmine-core@2.5.2
83 silly idealTree ├─┬ jasmine@2.5.2
83 silly idealTree │ └── glob@7.1.1
83 silly idealTree ├── js-tokens@2.0.0
83 silly idealTree ├── jsesc@1.3.0
83 silly idealTree ├── json5@0.5.0
83 silly idealTree ├── kind-of@3.0.4
83 silly idealTree ├── limiter@1.1.0
83 silly idealTree ├── lodash@4.16.6
83 silly idealTree ├── loose-envify@1.3.0
83 silly idealTree ├── merge-descriptors@1.0.1
83 silly idealTree ├── micromatch@2.3.11
83 silly idealTree ├── minimatch@3.0.3
83 silly idealTree ├── minimist@0.0.8
83 silly idealTree ├── mkdirp@0.5.1
83 silly idealTree ├── module-not-found-error@1.0.1
83 silly idealTree ├── ms@0.7.2
83 silly idealTree ├── nan@2.4.0
83 silly idealTree ├── node-persist@0.0.11
83 silly idealTree ├── normalize-path@2.0.1
83 silly idealTree ├── number-is-nan@1.0.1
83 silly idealTree ├── object-assign@4.1.0
83 silly idealTree ├── object.omit@2.0.1
83 silly idealTree ├── once@1.4.0
83 silly idealTree ├── os-homedir@1.0.2
83 silly idealTree ├── os-tmpdir@1.0.2
83 silly idealTree ├── output-file-sync@1.1.2
83 silly idealTree ├── parse-glob@3.0.4
83 silly idealTree ├── path-is-absolute@1.0.1
83 silly idealTree ├── preserve@0.2.0
83 silly idealTree ├── private@0.1.6
83 silly idealTree ├── process-nextick-args@1.0.7
83 silly idealTree ├── proxyquire@1.7.10
83 silly idealTree ├── q@1.1.2
83 silly idealTree ├── randomatic@1.1.5
83 silly idealTree ├── readable-stream@2.1.5
83 silly idealTree ├── readdirp@2.1.0
83 silly idealTree ├── regenerate@1.3.1
83 silly idealTree ├── regenerator-runtime@0.9.6
83 silly idealTree ├── regex-cache@0.4.3
83 silly idealTree ├── regexpu-core@2.0.0
83 silly idealTree ├── regjsgen@0.2.0
83 silly idealTree ├─┬ regjsparser@0.1.5
83 silly idealTree │ └── jsesc@0.5.0
83 silly idealTree ├── repeat-element@1.1.2
83 silly idealTree ├── repeat-string@1.6.1
83 silly idealTree ├── repeating@2.0.1
83 silly idealTree ├── resolve@1.1.7
83 silly idealTree ├── set-immediate-shim@1.0.1
83 silly idealTree ├── slash@1.0.0
83 silly idealTree ├── source-map-support@0.4.6
83 silly idealTree ├── source-map@0.5.6
83 silly idealTree ├─┬ sqlite3@3.1.8
83 silly idealTree │ └─┬ node-pre-gyp@0.6.31
83 silly idealTree │   ├─┬ mkdirp@0.5.1
83 silly idealTree │   │ └── minimist@0.0.8
83 silly idealTree │   ├─┬ nopt@3.0.6
83 silly idealTree │   │ └── abbrev@1.0.9
83 silly idealTree │   ├─┬ npmlog@4.0.0
83 silly idealTree │   │ ├─┬ are-we-there-yet@1.1.2
83 silly idealTree │   │ │ ├── delegates@1.0.0
83 silly idealTree │   │ │ └─┬ readable-stream@2.1.5
83 silly idealTree │   │ │   ├── buffer-shims@1.0.0
83 silly idealTree │   │ │   ├── core-util-is@1.0.2
83 silly idealTree │   │ │   ├── inherits@2.0.3
83 silly idealTree │   │ │   ├── isarray@1.0.0
83 silly idealTree │   │ │   ├── process-nextick-args@1.0.7
83 silly idealTree │   │ │   ├── string_decoder@0.10.31
83 silly idealTree │   │ │   └── util-deprecate@1.0.2
83 silly idealTree │   │ ├── console-control-strings@1.1.0
83 silly idealTree │   │ ├─┬ gauge@2.6.0
83 silly idealTree │   │ │ ├── aproba@1.0.4
83 silly idealTree │   │ │ ├── has-color@0.1.7
83 silly idealTree │   │ │ ├── has-unicode@2.0.1
83 silly idealTree │   │ │ ├── object-assign@4.1.0
83 silly idealTree │   │ │ ├── signal-exit@3.0.1
83 silly idealTree │   │ │ ├─┬ string-width@1.0.2
83 silly idealTree │   │ │ │ ├─┬ code-point-at@1.0.1
83 silly idealTree │   │ │ │ │ └── number-is-nan@1.0.1
83 silly idealTree │   │ │ │ └─┬ is-fullwidth-code-point@1.0.0
83 silly idealTree │   │ │ │   └── number-is-nan@1.0.1
83 silly idealTree │   │ │ ├─┬ strip-ansi@3.0.1
83 silly idealTree │   │ │ │ └── ansi-regex@2.0.0
83 silly idealTree │   │ │ └── wide-align@1.1.0
83 silly idealTree │   │ └── set-blocking@2.0.0
83 silly idealTree │   ├─┬ rc@1.1.6
83 silly idealTree │   │ ├── deep-extend@0.4.1
83 silly idealTree │   │ ├── ini@1.3.4
83 silly idealTree │   │ ├── minimist@1.2.0
83 silly idealTree │   │ └── strip-json-comments@1.0.4
83 silly idealTree │   ├─┬ request@2.76.0
83 silly idealTree │   │ ├── aws-sign2@0.6.0
83 silly idealTree │   │ ├── aws4@1.5.0
83 silly idealTree │   │ ├── caseless@0.11.0
83 silly idealTree │   │ ├─┬ combined-stream@1.0.5
83 silly idealTree │   │ │ └── delayed-stream@1.0.0
83 silly idealTree │   │ ├── extend@3.0.0
83 silly idealTree │   │ ├── forever-agent@0.6.1
83 silly idealTree │   │ ├─┬ form-data@2.1.1
83 silly idealTree │   │ │ └── asynckit@0.4.0
83 silly idealTree │   │ ├─┬ har-validator@2.0.6
83 silly idealTree │   │ │ ├─┬ chalk@1.1.3
83 silly idealTree │   │ │ │ ├── ansi-styles@2.2.1
83 silly idealTree │   │ │ │ ├── escape-string-regexp@1.0.5
83 silly idealTree │   │ │ │ ├─┬ has-ansi@2.0.0
83 silly idealTree │   │ │ │ │ └── ansi-regex@2.0.0
83 silly idealTree │   │ │ │ ├─┬ strip-ansi@3.0.1
83 silly idealTree │   │ │ │ │ └── ansi-regex@2.0.0
83 silly idealTree │   │ │ │ └── supports-color@2.0.0
83 silly idealTree │   │ │ ├─┬ commander@2.9.0
83 silly idealTree │   │ │ │ └── graceful-readlink@1.0.1
83 silly idealTree │   │ │ ├─┬ is-my-json-valid@2.15.0
83 silly idealTree │   │ │ │ ├── generate-function@2.0.0
83 silly idealTree │   │ │ │ ├─┬ generate-object-property@1.2.0
83 silly idealTree │   │ │ │ │ └── is-property@1.0.2
83 silly idealTree │   │ │ │ ├── jsonpointer@4.0.0
83 silly idealTree │   │ │ │ └── xtend@4.0.1
83 silly idealTree │   │ │ └─┬ pinkie-promise@2.0.1
83 silly idealTree │   │ │   └── pinkie@2.0.4
83 silly idealTree │   │ ├─┬ hawk@3.1.3
83 silly idealTree │   │ │ ├── boom@2.10.1
83 silly idealTree │   │ │ ├── cryptiles@2.0.5
83 silly idealTree │   │ │ ├── hoek@2.16.3
83 silly idealTree │   │ │ └── sntp@1.0.9
83 silly idealTree │   │ ├─┬ http-signature@1.1.1
83 silly idealTree │   │ │ ├── assert-plus@0.2.0
83 silly idealTree │   │ │ ├─┬ jsprim@1.3.1
83 silly idealTree │   │ │ │ ├── extsprintf@1.0.2
83 silly idealTree │   │ │ │ ├── json-schema@0.2.3
83 silly idealTree │   │ │ │ └── verror@1.3.6
83 silly idealTree │   │ │ └─┬ sshpk@1.10.1
83 silly idealTree │   │ │   ├── asn1@0.2.3
83 silly idealTree │   │ │   ├── assert-plus@1.0.0
83 silly idealTree │   │ │   ├── bcrypt-pbkdf@1.0.0
83 silly idealTree │   │ │   ├── dashdash@1.14.0
83 silly idealTree │   │ │   ├── ecc-jsbn@0.1.1
83 silly idealTree │   │ │   ├── getpass@0.1.6
83 silly idealTree │   │ │   ├── jodid25519@1.0.2
83 silly idealTree │   │ │   ├── jsbn@0.1.0
83 silly idealTree │   │ │   └── tweetnacl@0.14.3
83 silly idealTree │   │ ├── is-typedarray@1.0.0
83 silly idealTree │   │ ├── isstream@0.1.2
83 silly idealTree │   │ ├── json-stringify-safe@5.0.1
83 silly idealTree │   │ ├─┬ mime-types@2.1.12
83 silly idealTree │   │ │ └── mime-db@1.24.0
83 silly idealTree │   │ ├── node-uuid@1.4.7
83 silly idealTree │   │ ├── oauth-sign@0.8.2
83 silly idealTree │   │ ├── qs@6.3.0
83 silly idealTree │   │ ├── stringstream@0.0.5
83 silly idealTree │   │ ├─┬ tough-cookie@2.3.2
83 silly idealTree │   │ │ └── punycode@1.4.1
83 silly idealTree │   │ └── tunnel-agent@0.4.3
83 silly idealTree │   ├─┬ rimraf@2.5.4
83 silly idealTree │   │ └─┬ glob@7.1.1
83 silly idealTree │   │   ├── fs.realpath@1.0.0
83 silly idealTree │   │   ├─┬ inflight@1.0.6
83 silly idealTree │   │   │ └── wrappy@1.0.2
83 silly idealTree │   │   ├── inherits@2.0.3
83 silly idealTree │   │   ├─┬ minimatch@3.0.3
83 silly idealTree │   │   │ └─┬ brace-expansion@1.1.6
83 silly idealTree │   │   │   ├── balanced-match@0.4.2
83 silly idealTree │   │   │   └── concat-map@0.0.1
83 silly idealTree │   │   ├─┬ once@1.4.0
83 silly idealTree │   │   │ └── wrappy@1.0.2
83 silly idealTree │   │   └── path-is-absolute@1.0.1
83 silly idealTree │   ├── semver@5.3.0
83 silly idealTree │   ├─┬ tar-pack@3.3.0
83 silly idealTree │   │ ├─┬ debug@2.2.0
83 silly idealTree │   │ │ └── ms@0.7.1
83 silly idealTree │   │ ├─┬ fstream-ignore@1.0.5
83 silly idealTree │   │ │ ├── inherits@2.0.3
83 silly idealTree │   │ │ └─┬ minimatch@3.0.3
83 silly idealTree │   │ │   └─┬ brace-expansion@1.1.6
83 silly idealTree │   │ │     ├── balanced-match@0.4.2
83 silly idealTree │   │ │     └── concat-map@0.0.1
83 silly idealTree │   │ ├─┬ fstream@1.0.10
83 silly idealTree │   │ │ ├── graceful-fs@4.1.9
83 silly idealTree │   │ │ └── inherits@2.0.3
83 silly idealTree │   │ ├─┬ once@1.3.3
83 silly idealTree │   │ │ └── wrappy@1.0.2
83 silly idealTree │   │ ├─┬ readable-stream@2.1.5
83 silly idealTree │   │ │ ├── buffer-shims@1.0.0
83 silly idealTree │   │ │ ├── core-util-is@1.0.2
83 silly idealTree │   │ │ ├── inherits@2.0.3
83 silly idealTree │   │ │ ├── isarray@1.0.0
83 silly idealTree │   │ │ ├── process-nextick-args@1.0.7
83 silly idealTree │   │ │ ├── string_decoder@0.10.31
83 silly idealTree │   │ │ └── util-deprecate@1.0.2
83 silly idealTree │   │ └── uid-number@0.0.6
83 silly idealTree │   └─┬ tar@2.2.1
83 silly idealTree │     ├── block-stream@0.0.9
83 silly idealTree │     ├─┬ fstream@1.0.10
83 silly idealTree │     │ └── graceful-fs@4.1.9
83 silly idealTree │     └── inherits@2.0.3
83 silly idealTree ├── string_decoder@0.10.31
83 silly idealTree ├── strip-ansi@3.0.1
83 silly idealTree ├── supports-color@2.0.0
83 silly idealTree ├── telldus@1.1.2
83 silly idealTree ├── to-fast-properties@1.0.2
83 silly idealTree ├── user-home@1.1.1
83 silly idealTree ├── util-deprecate@1.0.2
83 silly idealTree ├── v8flags@2.0.11
83 silly idealTree └── wrappy@1.0.2
84 silly generateActionsToTake Starting
85 silly install generateActionsToTake
86 silly generateActionsToTake Finishing
87 silly diffTrees action count 1
88 silly diffTrees add telldus@1.1.2
89 silly decomposeActions action count 8
90 silly decomposeActions fetch telldus@1.1.2
91 silly decomposeActions extract telldus@1.1.2
92 silly decomposeActions test telldus@1.1.2
93 silly decomposeActions preinstall telldus@1.1.2
94 silly decomposeActions build telldus@1.1.2
95 silly decomposeActions install telldus@1.1.2
96 silly decomposeActions postinstall telldus@1.1.2
97 silly decomposeActions finalize telldus@1.1.2
98 silly runTopLevelLifecycles Starting
99 silly install runPreinstallTopLevelLifecycles
100 silly preinstall homebridge-telldus-tdtool@1.0.2
101 info lifecycle homebridge-telldus-tdtool@1.0.2~preinstall: homebridge-telldus-tdtool@1.0.2
102 silly lifecycle homebridge-telldus-tdtool@1.0.2~preinstall: no script for preinstall, continuing
103 silly executeActions Starting
104 silly install executeActions
105 silly doSerial global-install 0
106 silly doParallel fetch 1
107 verbose correctMkdir /Users/filippersson/.npm/_locks correctMkdir not in flight; initializing
108 verbose lock using /Users/filippersson/.npm/_locks/staging-3bc9f44d4b784b76.lock for /Users/filippersson/Source/Privat/homebridge-telldus-tdtool/node_modules/.staging
109 silly doParallel extract 1
110 silly extract telldus@1.1.2
111 verbose unbuild node_modules/.staging/telldus-47254824
112 silly gentlyRm /Users/filippersson/Source/Privat/homebridge-telldus-tdtool/node_modules/.staging/telldus-47254824 is being purged from base /Users/filippersson/Source/Privat/homebridge-telldus-tdtool
113 verbose gentlyRm don't care about contents; nuking /Users/filippersson/Source/Privat/homebridge-telldus-tdtool/node_modules/.staging/telldus-47254824
114 verbose tar unpack /Users/filippersson/.npm/telldus/1.1.2/package.tgz
115 verbose tar unpacking to /Users/filippersson/Source/Privat/homebridge-telldus-tdtool/node_modules/.staging/telldus-47254824
116 silly gentlyRm /Users/filippersson/Source/Privat/homebridge-telldus-tdtool/node_modules/.staging/telldus-47254824 is being purged
117 verbose gentlyRm don't care about contents; nuking /Users/filippersson/Source/Privat/homebridge-telldus-tdtool/node_modules/.staging/telldus-47254824
118 silly gunzTarPerm modes [ '755', '644' ]
119 silly gunzTarPerm extractEntry package.json
120 silly gunzTarPerm modified mode [ 'package.json', 436, 420 ]
121 silly gunzTarPerm extractEntry .npmignore
122 silly gunzTarPerm modified mode [ '.npmignore', 436, 420 ]
123 silly gunzTarPerm extractEntry README.md
124 silly gunzTarPerm modified mode [ 'README.md', 436, 420 ]
125 silly gunzTarPerm extractEntry LICENSE
126 silly gunzTarPerm modified mode [ 'LICENSE', 436, 420 ]
127 silly gunzTarPerm extractEntry telldus.js
128 silly gunzTarPerm modified mode [ 'telldus.js', 436, 420 ]
129 silly gunzTarPerm extractEntry .jshintrc
130 silly gunzTarPerm modified mode [ '.jshintrc', 436, 420 ]
131 silly gunzTarPerm extractEntry lib/errors.js
132 silly gunzTarPerm modified mode [ 'lib/errors.js', 436, 420 ]
133 silly gunzTarPerm extractEntry test/async.test.js
134 silly gunzTarPerm modified mode [ 'test/async.test.js', 436, 420 ]
135 silly gunzTarPerm extractEntry test/interactive.tests.js
136 silly gunzTarPerm modified mode [ 'test/interactive.tests.js', 436, 420 ]
137 silly gunzTarPerm extractEntry test/sync.tests.js
138 silly gunzTarPerm modified mode [ 'test/sync.tests.js', 436, 420 ]
139 silly gunzTarPerm extractEntry test/utils.js
140 silly gunzTarPerm modified mode [ 'test/utils.js', 436, 420 ]
141 silly gunzTarPerm extractEntry telldus.cc
142 silly gunzTarPerm modified mode [ 'telldus.cc', 436, 420 ]
143 silly gunzTarPerm extractEntry binding.gyp
144 silly gunzTarPerm modified mode [ 'binding.gyp', 436, 420 ]
145 silly gunzTarPerm extractEntry examples/tdtool.js
146 silly gunzTarPerm modified mode [ 'examples/tdtool.js', 436, 420 ]
147 silly gentlyRm /Users/filippersson/Source/Privat/homebridge-telldus-tdtool/node_modules/.staging/telldus-47254824/node_modules is being purged
148 verbose gentlyRm don't care about contents; nuking /Users/filippersson/Source/Privat/homebridge-telldus-tdtool/node_modules/.staging/telldus-47254824/node_modules
149 silly doParallel preinstall 1
150 silly preinstall telldus@1.1.2
151 info lifecycle telldus@1.1.2~preinstall: telldus@1.1.2
152 silly lifecycle telldus@1.1.2~preinstall: no script for preinstall, continuing
153 silly doReverseSerial remove 0
154 silly doSerial move 0
155 silly doSerial finalize 1
156 silly finalize /Users/filippersson/Source/Privat/homebridge-telldus-tdtool/node_modules/telldus
157 silly doSerial build 1
158 silly build telldus@1.1.2
159 info linkStuff telldus@1.1.2
160 silly linkStuff telldus@1.1.2 has /Users/filippersson/Source/Privat/homebridge-telldus-tdtool/node_modules as its parent node_modules
161 verbose linkBins telldus@1.1.2
162 verbose linkMans telldus@1.1.2
163 silly doSerial global-link 0
164 silly doParallel update-linked 0
165 silly doSerial install 1
166 silly install telldus@1.1.2
167 info lifecycle telldus@1.1.2~install: telldus@1.1.2
168 verbose lifecycle telldus@1.1.2~install: unsafe-perm in lifecycle true
169 verbose lifecycle telldus@1.1.2~install: PATH: /usr/local/lib/node_modules/npm/bin/node-gyp-bin:/Users/filippersson/Source/Privat/homebridge-telldus-tdtool/node_modules/telldus/node_modules/.bin:/Users/filippersson/Source/Privat/homebridge-telldus-tdtool/node_modules/.bin:/Users/filippersson/.rbenv/shims:/usr/local/bin:/usr/bin:/bin:/usr/sbin:/sbin
170 verbose lifecycle telldus@1.1.2~install: CWD: /Users/filippersson/Source/Privat/homebridge-telldus-tdtool/node_modules/telldus
171 silly lifecycle telldus@1.1.2~install: Args: [ '-c', 'node-gyp configure build' ]
172 silly lifecycle telldus@1.1.2~install: Returned: code: 1  signal: null
173 info lifecycle telldus@1.1.2~install: Failed to exec install script
174 verbose unlock done using /Users/filippersson/.npm/_locks/staging-3bc9f44d4b784b76.lock for /Users/filippersson/Source/Privat/homebridge-telldus-tdtool/node_modules/.staging
175 silly rollbackFailedOptional Starting
176 silly gentlyRm /Users/filippersson/Source/Privat/homebridge-telldus-tdtool/node_modules/telldus is being purged from base /Users/filippersson/Source/Privat/homebridge-telldus-tdtool
177 verbose gentlyRm don't care about contents; nuking /Users/filippersson/Source/Privat/homebridge-telldus-tdtool/node_modules/telldus
178 silly gentlyRm /Users/filippersson/Source/Privat/homebridge-telldus-tdtool/node_modules/telldus is being purged from base /Users/filippersson/Source/Privat/homebridge-telldus-tdtool
179 verbose gentlyRm don't care about contents; nuking /Users/filippersson/Source/Privat/homebridge-telldus-tdtool/node_modules/telldus
180 silly gentlyRm /Users/filippersson/Source/Privat/homebridge-telldus-tdtool/node_modules/telldus is being purged from base /Users/filippersson/Source/Privat/homebridge-telldus-tdtool
181 verbose gentlyRm don't care about contents; nuking /Users/filippersson/Source/Privat/homebridge-telldus-tdtool/node_modules/telldus
182 silly gentlyRm /Users/filippersson/Source/Privat/homebridge-telldus-tdtool/node_modules/telldus is being purged from base /Users/filippersson/Source/Privat/homebridge-telldus-tdtool
183 verbose gentlyRm don't care about contents; nuking /Users/filippersson/Source/Privat/homebridge-telldus-tdtool/node_modules/telldus
184 silly gentlyRm /Users/filippersson/Source/Privat/homebridge-telldus-tdtool/node_modules/telldus is being purged from base /Users/filippersson/Source/Privat/homebridge-telldus-tdtool
185 verbose gentlyRm don't care about contents; nuking /Users/filippersson/Source/Privat/homebridge-telldus-tdtool/node_modules/telldus
186 silly gentlyRm /Users/filippersson/Source/Privat/homebridge-telldus-tdtool/node_modules/telldus is being purged from base /Users/filippersson/Source/Privat/homebridge-telldus-tdtool
187 verbose gentlyRm don't care about contents; nuking /Users/filippersson/Source/Privat/homebridge-telldus-tdtool/node_modules/telldus
188 silly gentlyRm /Users/filippersson/Source/Privat/homebridge-telldus-tdtool/node_modules/telldus is being purged from base /Users/filippersson/Source/Privat/homebridge-telldus-tdtool
189 verbose gentlyRm don't care about contents; nuking /Users/filippersson/Source/Privat/homebridge-telldus-tdtool/node_modules/telldus
190 silly gentlyRm /Users/filippersson/Source/Privat/homebridge-telldus-tdtool/node_modules/telldus is being purged from base /Users/filippersson/Source/Privat/homebridge-telldus-tdtool
191 verbose gentlyRm don't care about contents; nuking /Users/filippersson/Source/Privat/homebridge-telldus-tdtool/node_modules/telldus
192 silly vacuum-fs purging /Users/filippersson/Source/Privat/homebridge-telldus-tdtool/node_modules/telldus
193 silly vacuum-fs purging /Users/filippersson/Source/Privat/homebridge-telldus-tdtool/node_modules/telldus
194 silly vacuum-fs purging /Users/filippersson/Source/Privat/homebridge-telldus-tdtool/node_modules/telldus
195 silly vacuum-fs purging /Users/filippersson/Source/Privat/homebridge-telldus-tdtool/node_modules/telldus
196 silly vacuum-fs purging /Users/filippersson/Source/Privat/homebridge-telldus-tdtool/node_modules/telldus
197 silly vacuum-fs purging /Users/filippersson/Source/Privat/homebridge-telldus-tdtool/node_modules/telldus
198 silly vacuum-fs purging /Users/filippersson/Source/Privat/homebridge-telldus-tdtool/node_modules/telldus
199 silly vacuum-fs purging /Users/filippersson/Source/Privat/homebridge-telldus-tdtool/node_modules/telldus
200 silly vacuum-fs quitting because other entries in /Users/filippersson/Source/Privat/homebridge-telldus-tdtool/node_modules
201 silly vacuum-fs quitting because other entries in /Users/filippersson/Source/Privat/homebridge-telldus-tdtool/node_modules
202 silly vacuum-fs quitting because other entries in /Users/filippersson/Source/Privat/homebridge-telldus-tdtool/node_modules
203 silly vacuum-fs quitting because other entries in /Users/filippersson/Source/Privat/homebridge-telldus-tdtool/node_modules
204 silly vacuum-fs quitting because other entries in /Users/filippersson/Source/Privat/homebridge-telldus-tdtool/node_modules
205 silly vacuum-fs quitting because other entries in /Users/filippersson/Source/Privat/homebridge-telldus-tdtool/node_modules
206 silly vacuum-fs quitting because other entries in /Users/filippersson/Source/Privat/homebridge-telldus-tdtool/node_modules
207 silly vacuum-fs quitting because other entries in /Users/filippersson/Source/Privat/homebridge-telldus-tdtool/node_modules
208 silly rollbackFailedOptional Finishing
209 silly runTopLevelLifecycles Finishing
210 silly install printInstalled
211 verbose stack Error: telldus@1.1.2 install: `node-gyp configure build`
211 verbose stack Exit status 1
211 verbose stack     at EventEmitter.<anonymous> (/usr/local/lib/node_modules/npm/lib/utils/lifecycle.js:279:16)
211 verbose stack     at emitTwo (events.js:106:13)
211 verbose stack     at EventEmitter.emit (events.js:191:7)
211 verbose stack     at ChildProcess.<anonymous> (/usr/local/lib/node_modules/npm/lib/utils/spawn.js:40:14)
211 verbose stack     at emitTwo (events.js:106:13)
211 verbose stack     at ChildProcess.emit (events.js:191:7)
211 verbose stack     at maybeClose (internal/child_process.js:885:16)
211 verbose stack     at Process.ChildProcess._handle.onexit (internal/child_process.js:226:5)
212 verbose pkgid telldus@1.1.2
213 verbose cwd /Users/filippersson/Source/Privat/homebridge-telldus-tdtool
214 error Darwin 16.4.0
215 error argv "/usr/local/Cellar/node/7.4.0/bin/node" "/usr/local/bin/npm" "link"
216 error node v7.4.0
217 error npm  v4.0.5
218 error code ELIFECYCLE
219 error telldus@1.1.2 install: `node-gyp configure build`
219 error Exit status 1
220 error Failed at the telldus@1.1.2 install script 'node-gyp configure build'.
220 error Make sure you have the latest version of node.js and npm installed.
220 error If you do, this is most likely a problem with the telldus package,
220 error not with npm itself.
220 error Tell the author that this fails on your system:
220 error     node-gyp configure build
220 error You can get information on how to open an issue for this project with:
220 error     npm bugs telldus
220 error Or if that isn't available, you can get their info via:
220 error     npm owner ls telldus
220 error There is likely additional logging output above.
221 verbose exit [ 1, true ]
